
ROM used:   2036/8192 (25%)
            2036/8192 (25%) including unused fragments

            1.5 Average locations per line
            15.8 Average locations per statement

RAM used:   34/368 (9%) at main() level
            70/368 (19%) worst case

Stack used: 5 worst case (5 in main + 0 for interrupts)
Stack size: 8

Lines Stmts  %   Files
----- ----- ---  -----
   97    45  35  Tra_Final.c
  786     0   0  ..\..\..\..\..\Program Files (x86)\PICC\Devices\16f887.h
  456    84  65  ..\..\..\..\..\Program Files (x86)\PICC\Drivers\LCD.c
----- -----
 1339   129 Total

Page ROM  %  RAM    Vol Diff  Functions:
---- --- --- ---    --- ----  ----------
0     21   1    1             @delay_ms1
 Inline         3    596  5.9  lcd_read_byte
0      6   0    0     59  4.2  lcd_read_nibble
0     12   1    1    179  3.3  lcd_send_nibble
0     64   3    3    460  4.7  lcd_send_byte
0     62   3    6    814  7.2  lcd_init
0     18   1    4    208  6.3  lcd_gotoxy
0     44   2    1    354  4.7  lcd_putc
0     12   1    0             @const685
0    455  22   25   1582  8.0  MAIN
0      8   0    0             @const702
0     88   4    4             @PSTRINGC7_670
0     29   1    2             @ITOF
0    117   6   13             @MULFF
0    202  10   14             @DIVFF
0     33   2    4             @SFTOI
0    321  16   16             @ADDFF
0      9   0    0             @const720
0     87   4    5             @PSTRINGCN7_670
 Inline         5             @FTOSD
0     79   4   13             @DIV3232
0    224  11   13             @PRINTF_L32D_670FPFPF
0      8   0    0    167  5.5  @const731
0    133   7   24    167  5.5  map
 Inline         0             @cinit1

Program metrics:
    Functions               10
    Statements              129
    Comments                252
    Volume (V)              6960
    Difficulty (D)          51.1
    Effort to implement (E) 355346
    Time to implement (T)   5 hours, 29 minutes
    Est Delivered Bugs (B)  2
    Cyclomatic Complexity   12
    Maintainability (MI)    145

 Segment     Used  Free
-----------  ----  ----
00000-00003     4  0  
00004-007FF  2032  12  
00800-00FFF     0  2048  
01000-017FF     0  2048  
01800-01FFF     0  2048  



