CCS PCM C Compiler, Version 5.076, 56587               02-jun.-20 17:58

               Filename:   D:\1JOAN\Universidad\Electronica_Digital\Electronica_Digital\Tra_Final_PICC\Tra_Final.lst

               ROM used:   1247 words (15%)
                           Largest free fragment is 2048
               RAM used:   25 (7%) at main() level
                           49 (13%) worst case
               Stack used: 5 locations
               Stack size: 8

*
0000:  MOVLW  03
0001:  MOVWF  0A
0002:  GOTO   3BC
0003:  NOP
.................... #include <16f887.h> 
.................... //////////// Standard Header file for the PIC16F887 device //////////////// 
.................... /////////////////////////////////////////////////////////////////////////// 
.................... ////        (C) Copyright 1996, 2014 Custom Computer Services          //// 
.................... //// This source code may only be used by licensed users of the CCS C  //// 
.................... //// compiler.  This source code may only be distributed to other      //// 
.................... //// licensed users of the CCS C compiler.  No other use, reproduction //// 
.................... //// or distribution is permitted without written permission.          //// 
.................... //// Derivative programs created using this software in object code    //// 
.................... //// form are not restricted in any way.                               //// 
.................... /////////////////////////////////////////////////////////////////////////// 
.................... #device PIC16F887 
0004:  BCF    0A.0
0005:  BCF    0A.1
0006:  BCF    0A.2
0007:  ADDWF  02,F
0008:  RETLW  08
0009:  RETLW  0C
000A:  RETLW  04
000B:  RETLW  06
000C:  RETLW  02
000D:  RETLW  03
000E:  RETLW  01
000F:  RETLW  09
0010:  DATA 0C,21
0011:  DATA E9,32
0012:  DATA 6E,3B
0013:  DATA 65,37
0014:  DATA 69,32
0015:  DATA EF,10
0016:  DATA A1,10
0017:  DATA 00,00
0018:  DATA 0C,23
0019:  DATA 72,17
001A:  DATA 52,10
001B:  DATA 3D,10
001C:  DATA 25,17
001D:  DATA 31,33
001E:  DATA 20,29
001F:  DATA E5,39
0020:  DATA AF,26
0021:  DATA 69,37
0022:  DATA 00,00
0023:  DATA 0A,28
0024:  DATA 72,17
0025:  DATA A0,1E
0026:  DATA A0,12
0027:  DATA AE,18
0028:  DATA 66,10
0029:  DATA 6B,28
002A:  DATA 61,00
*
010E:  MOVF   0B,W
010F:  MOVWF  32
0110:  BCF    0B.7
0111:  BSF    03.5
0112:  BSF    03.6
0113:  BSF    0C.7
0114:  BSF    0C.0
0115:  NOP
0116:  NOP
0117:  BCF    03.5
0118:  BCF    03.6
0119:  BTFSC  32.7
011A:  BSF    0B.7
011B:  BSF    03.6
011C:  MOVF   0C,W
011D:  ANDLW  7F
011E:  BTFSC  03.2
011F:  GOTO   162
0120:  BCF    03.6
0121:  MOVWF  32
0122:  BSF    03.6
0123:  MOVF   0D,W
0124:  BCF    03.6
0125:  MOVWF  33
0126:  BSF    03.6
0127:  MOVF   0F,W
0128:  BCF    03.6
0129:  MOVWF  34
012A:  MOVF   32,W
012B:  MOVWF  3F
012C:  CALL   0E2
012D:  MOVF   33,W
012E:  BSF    03.6
012F:  MOVWF  0D
0130:  BCF    03.6
0131:  MOVF   34,W
0132:  BSF    03.6
0133:  MOVWF  0F
0134:  BCF    03.6
0135:  MOVF   0B,W
0136:  MOVWF  35
0137:  BCF    0B.7
0138:  BSF    03.5
0139:  BSF    03.6
013A:  BSF    0C.7
013B:  BSF    0C.0
013C:  NOP
013D:  NOP
013E:  BCF    03.5
013F:  BCF    03.6
0140:  BTFSC  35.7
0141:  BSF    0B.7
0142:  BSF    03.6
0143:  RLF    0C,W
0144:  RLF    0E,W
0145:  ANDLW  7F
0146:  BTFSC  03.2
0147:  GOTO   162
0148:  BCF    03.6
0149:  MOVWF  32
014A:  BSF    03.6
014B:  MOVF   0D,W
014C:  BCF    03.6
014D:  MOVWF  33
014E:  BSF    03.6
014F:  MOVF   0F,W
0150:  BCF    03.6
0151:  MOVWF  34
0152:  MOVF   32,W
0153:  MOVWF  3F
0154:  CALL   0E2
0155:  MOVF   33,W
0156:  BSF    03.6
0157:  MOVWF  0D
0158:  BCF    03.6
0159:  MOVF   34,W
015A:  BSF    03.6
015B:  MOVWF  0F
015C:  INCF   0D,F
015D:  BTFSC  03.2
015E:  INCF   0F,F
015F:  BCF    03.6
0160:  GOTO   10E
0161:  BSF    03.6
0162:  BCF    03.6
0163:  BCF    0A.3
0164:  BCF    0A.4
0165:  GOTO   40A (RETURN)
0166:  MOVLW  8E
0167:  MOVWF  77
0168:  MOVF   33,W
0169:  MOVWF  78
016A:  MOVF   32,W
016B:  MOVWF  79
016C:  CLRF   7A
016D:  MOVF   78,F
016E:  BTFSS  03.2
016F:  GOTO   17A
0170:  MOVF   79,W
0171:  MOVWF  78
0172:  CLRF   79
0173:  MOVLW  08
0174:  SUBWF  77,F
0175:  MOVF   78,F
0176:  BTFSS  03.2
0177:  GOTO   17A
0178:  CLRF   77
0179:  GOTO   182
017A:  BCF    03.0
017B:  BTFSC  78.7
017C:  GOTO   181
017D:  RLF    79,F
017E:  RLF    78,F
017F:  DECF   77,F
0180:  GOTO   17A
0181:  BCF    78.7
0182:  RETURN
0183:  MOVF   3F,W
0184:  BTFSC  03.2
0185:  GOTO   1F3
0186:  MOVWF  47
0187:  MOVF   43,W
0188:  BTFSC  03.2
0189:  GOTO   1F3
018A:  ADDWF  47,F
018B:  BTFSC  03.0
018C:  GOTO   194
018D:  MOVLW  7F
018E:  SUBWF  47,F
018F:  BTFSS  03.0
0190:  GOTO   1F3
0191:  BTFSC  03.2
0192:  GOTO   1F3
0193:  GOTO   198
0194:  MOVLW  81
0195:  ADDWF  47,F
0196:  BTFSC  03.0
0197:  GOTO   1F3
0198:  MOVF   47,W
0199:  MOVWF  77
019A:  CLRF   78
019B:  CLRF   79
019C:  CLRF   7A
019D:  MOVF   40,W
019E:  MOVWF  4B
019F:  BSF    4B.7
01A0:  MOVF   41,W
01A1:  MOVWF  4A
01A2:  MOVF   42,W
01A3:  MOVWF  49
01A4:  MOVLW  18
01A5:  MOVWF  47
01A6:  CLRF   48
01A7:  BTFSS  49.0
01A8:  GOTO   1C1
01A9:  MOVF   46,W
01AA:  ADDWF  7A,F
01AB:  BTFSS  03.0
01AC:  GOTO   1B3
01AD:  INCF   79,F
01AE:  BTFSS  03.2
01AF:  GOTO   1B3
01B0:  INCF   78,F
01B1:  BTFSC  03.2
01B2:  BSF    48.7
01B3:  MOVF   45,W
01B4:  ADDWF  79,F
01B5:  BTFSS  03.0
01B6:  GOTO   1BA
01B7:  INCF   78,F
01B8:  BTFSC  03.2
01B9:  BSF    48.7
01BA:  MOVF   44,W
01BB:  MOVWF  41
01BC:  BSF    41.7
01BD:  MOVF   41,W
01BE:  ADDWF  78,F
01BF:  BTFSC  03.0
01C0:  BSF    48.7
01C1:  RLF    48,F
01C2:  RRF    78,F
01C3:  RRF    79,F
01C4:  RRF    7A,F
01C5:  RRF    4B,F
01C6:  RRF    4A,F
01C7:  RRF    49,F
01C8:  BCF    03.0
01C9:  DECFSZ 47,F
01CA:  GOTO   1A6
01CB:  MOVLW  01
01CC:  ADDWF  77,F
01CD:  BTFSC  03.0
01CE:  GOTO   1F3
01CF:  BTFSC  78.7
01D0:  GOTO   1D8
01D1:  RLF    4B,F
01D2:  RLF    7A,F
01D3:  RLF    79,F
01D4:  RLF    78,F
01D5:  DECF   77,F
01D6:  BTFSC  03.2
01D7:  GOTO   1F3
01D8:  BTFSS  4B.7
01D9:  GOTO   1E9
01DA:  INCF   7A,F
01DB:  BTFSS  03.2
01DC:  GOTO   1E9
01DD:  INCF   79,F
01DE:  BTFSS  03.2
01DF:  GOTO   1E9
01E0:  INCF   78,F
01E1:  BTFSS  03.2
01E2:  GOTO   1E9
01E3:  RRF    78,F
01E4:  RRF    79,F
01E5:  RRF    7A,F
01E6:  INCF   77,F
01E7:  BTFSC  03.2
01E8:  GOTO   1F3
01E9:  MOVF   40,W
01EA:  MOVWF  48
01EB:  MOVF   44,W
01EC:  XORWF  48,F
01ED:  BTFSS  48.7
01EE:  GOTO   1F1
01EF:  BSF    78.7
01F0:  GOTO   1F7
01F1:  BCF    78.7
01F2:  GOTO   1F7
01F3:  CLRF   77
01F4:  CLRF   78
01F5:  CLRF   79
01F6:  CLRF   7A
01F7:  RETURN
01F8:  MOVLW  10
01F9:  MOVWF  36
01FA:  CLRF   77
01FB:  CLRF   7A
01FC:  RRF    33,F
01FD:  RRF    32,F
01FE:  BTFSS  03.0
01FF:  GOTO   206
0200:  MOVF   34,W
0201:  ADDWF  77,F
0202:  BTFSC  03.0
0203:  INCF   7A,F
0204:  MOVF   35,W
0205:  ADDWF  7A,F
0206:  RRF    7A,F
0207:  RRF    77,F
0208:  RRF    79,F
0209:  RRF    78,F
020A:  DECFSZ 36,F
020B:  GOTO   1FC
020C:  BCF    0A.3
020D:  BCF    0A.4
020E:  GOTO   45F (RETURN)
020F:  CLRF   78
0210:  CLRF   79
0211:  CLRF   77
0212:  CLRF   7A
0213:  MOVF   37,W
0214:  BTFSS  03.2
0215:  GOTO   219
0216:  MOVF   36,W
0217:  BTFSC  03.2
0218:  GOTO   233
0219:  MOVLW  10
021A:  MOVWF  38
021B:  BCF    03.0
021C:  RLF    34,F
021D:  RLF    35,F
021E:  RLF    77,F
021F:  RLF    7A,F
0220:  MOVF   37,W
0221:  SUBWF  7A,W
0222:  BTFSS  03.2
0223:  GOTO   226
0224:  MOVF   36,W
0225:  SUBWF  77,W
0226:  BTFSS  03.0
0227:  GOTO   22F
0228:  MOVF   36,W
0229:  SUBWF  77,F
022A:  BTFSS  03.0
022B:  DECF   7A,F
022C:  MOVF   37,W
022D:  SUBWF  7A,F
022E:  BSF    03.0
022F:  RLF    78,F
0230:  RLF    79,F
0231:  DECFSZ 38,F
0232:  GOTO   21B
0233:  BCF    0A.3
0234:  BCF    0A.4
0235:  GOTO   46C (RETURN)
0236:  MOVF   0B,W
0237:  MOVWF  33
0238:  BCF    0B.7
0239:  BSF    03.5
023A:  BSF    03.6
023B:  BSF    0C.7
023C:  BSF    0C.0
023D:  NOP
023E:  NOP
023F:  BCF    03.5
0240:  BCF    03.6
0241:  BTFSC  33.7
0242:  BSF    0B.7
0243:  BTFSC  03.0
0244:  GOTO   26D
0245:  BSF    03.6
0246:  MOVF   0C,W
0247:  ANDLW  7F
0248:  BCF    03.6
0249:  MOVWF  33
024A:  BSF    03.6
024B:  MOVF   0D,W
024C:  BCF    03.6
024D:  MOVWF  34
024E:  BSF    03.6
024F:  MOVF   0F,W
0250:  BCF    03.6
0251:  MOVWF  35
0252:  MOVF   33,W
0253:  MOVWF  3F
0254:  CALL   0E2
0255:  MOVF   34,W
0256:  BSF    03.6
0257:  MOVWF  0D
0258:  BCF    03.6
0259:  MOVF   35,W
025A:  BSF    03.6
025B:  MOVWF  0F
025C:  BCF    03.6
025D:  MOVF   0B,W
025E:  MOVWF  36
025F:  BCF    0B.7
0260:  BSF    03.5
0261:  BSF    03.6
0262:  BSF    0C.7
0263:  BSF    0C.0
0264:  NOP
0265:  NOP
0266:  BCF    03.5
0267:  BCF    03.6
0268:  BTFSC  36.7
0269:  BSF    0B.7
026A:  DECFSZ 32,F
026B:  GOTO   26D
026C:  GOTO   28C
026D:  BSF    03.6
026E:  RLF    0C,W
026F:  RLF    0E,W
0270:  ANDLW  7F
0271:  BCF    03.6
0272:  MOVWF  33
0273:  BSF    03.6
0274:  MOVF   0D,W
0275:  BCF    03.6
0276:  MOVWF  34
0277:  BSF    03.6
0278:  MOVF   0F,W
0279:  BCF    03.6
027A:  MOVWF  35
027B:  MOVF   33,W
027C:  MOVWF  3F
027D:  CALL   0E2
027E:  MOVF   34,W
027F:  BSF    03.6
0280:  MOVWF  0D
0281:  BCF    03.6
0282:  MOVF   35,W
0283:  BSF    03.6
0284:  MOVWF  0F
0285:  INCF   0D,F
0286:  BTFSC  03.2
0287:  INCF   0F,F
0288:  BCF    03.0
0289:  BCF    03.6
028A:  DECFSZ 32,F
028B:  GOTO   236
028C:  RETURN
028D:  BTFSC  03.1
028E:  GOTO   292
028F:  MOVLW  47
0290:  MOVWF  04
0291:  BCF    03.7
0292:  CLRF   77
0293:  CLRF   78
0294:  CLRF   79
0295:  CLRF   7A
0296:  CLRF   47
0297:  CLRF   48
0298:  CLRF   49
0299:  CLRF   4A
029A:  MOVF   46,W
029B:  IORWF  45,W
029C:  IORWF  44,W
029D:  IORWF  43,W
029E:  BTFSC  03.2
029F:  GOTO   2D0
02A0:  MOVLW  20
02A1:  MOVWF  4B
02A2:  BCF    03.0
02A3:  RLF    3F,F
02A4:  RLF    40,F
02A5:  RLF    41,F
02A6:  RLF    42,F
02A7:  RLF    47,F
02A8:  RLF    48,F
02A9:  RLF    49,F
02AA:  RLF    4A,F
02AB:  MOVF   46,W
02AC:  SUBWF  4A,W
02AD:  BTFSS  03.2
02AE:  GOTO   2B9
02AF:  MOVF   45,W
02B0:  SUBWF  49,W
02B1:  BTFSS  03.2
02B2:  GOTO   2B9
02B3:  MOVF   44,W
02B4:  SUBWF  48,W
02B5:  BTFSS  03.2
02B6:  GOTO   2B9
02B7:  MOVF   43,W
02B8:  SUBWF  47,W
02B9:  BTFSS  03.0
02BA:  GOTO   2CA
02BB:  MOVF   43,W
02BC:  SUBWF  47,F
02BD:  MOVF   44,W
02BE:  BTFSS  03.0
02BF:  INCFSZ 44,W
02C0:  SUBWF  48,F
02C1:  MOVF   45,W
02C2:  BTFSS  03.0
02C3:  INCFSZ 45,W
02C4:  SUBWF  49,F
02C5:  MOVF   46,W
02C6:  BTFSS  03.0
02C7:  INCFSZ 46,W
02C8:  SUBWF  4A,F
02C9:  BSF    03.0
02CA:  RLF    77,F
02CB:  RLF    78,F
02CC:  RLF    79,F
02CD:  RLF    7A,F
02CE:  DECFSZ 4B,F
02CF:  GOTO   2A2
02D0:  MOVF   47,W
02D1:  MOVWF  00
02D2:  INCF   04,F
02D3:  MOVF   48,W
02D4:  MOVWF  00
02D5:  INCF   04,F
02D6:  MOVF   49,W
02D7:  MOVWF  00
02D8:  INCF   04,F
02D9:  MOVF   4A,W
02DA:  MOVWF  00
02DB:  RETURN
02DC:  MOVF   04,W
02DD:  MOVWF  37
02DE:  MOVF   36,W
02DF:  MOVWF  39
02E0:  BTFSC  03.2
02E1:  GOTO   2FB
02E2:  MOVF   35,W
02E3:  MOVWF  42
02E4:  MOVF   34,W
02E5:  MOVWF  41
02E6:  MOVF   33,W
02E7:  MOVWF  40
02E8:  MOVF   32,W
02E9:  MOVWF  3F
02EA:  CLRF   46
02EB:  CLRF   45
02EC:  MOVLW  20
02ED:  MOVWF  44
02EE:  MOVLW  82
02EF:  MOVWF  43
02F0:  CALL   183
02F1:  MOVF   7A,W
02F2:  MOVWF  35
02F3:  MOVF   79,W
02F4:  MOVWF  34
02F5:  MOVF   78,W
02F6:  MOVWF  33
02F7:  MOVF   77,W
02F8:  MOVWF  32
02F9:  DECFSZ 39,F
02FA:  GOTO   2E2
02FB:  MOVF   35,W
02FC:  MOVWF  42
02FD:  MOVF   34,W
02FE:  MOVWF  41
02FF:  MOVF   33,W
0300:  MOVWF  40
0301:  MOVF   32,W
0302:  MOVWF  3F
0303:  MOVF   3F,W
0304:  SUBLW  B6
0305:  MOVWF  3F
0306:  CLRF   7A
0307:  MOVF   40,W
0308:  MOVWF  43
0309:  BSF    40.7
030A:  BCF    03.0
030B:  RRF    40,F
030C:  RRF    41,F
030D:  RRF    42,F
030E:  RRF    7A,F
030F:  RRF    79,F
0310:  RRF    78,F
0311:  RRF    77,F
0312:  DECFSZ 3F,F
0313:  GOTO   30A
0314:  BTFSS  43.7
0315:  GOTO   321
0316:  COMF   77,F
0317:  COMF   78,F
0318:  COMF   79,F
0319:  COMF   7A,F
031A:  INCF   77,F
031B:  BTFSC  03.2
031C:  INCF   78,F
031D:  BTFSC  03.2
031E:  INCF   79,F
031F:  BTFSC  03.2
0320:  INCF   7A,F
0321:  MOVF   7A,W
0322:  MOVWF  35
0323:  MOVF   79,W
0324:  MOVWF  34
0325:  MOVF   78,W
0326:  MOVWF  33
0327:  MOVF   77,W
0328:  MOVWF  32
0329:  BTFSS  35.7
032A:  GOTO   338
032B:  DECF   37,F
032C:  BSF    37.5
032D:  COMF   32,F
032E:  COMF   33,F
032F:  COMF   34,F
0330:  COMF   35,F
0331:  INCF   32,F
0332:  BTFSC  03.2
0333:  INCF   33,F
0334:  BTFSC  03.2
0335:  INCF   34,F
0336:  BTFSC  03.2
0337:  INCF   35,F
0338:  MOVLW  3B
0339:  MOVWF  3E
033A:  MOVLW  9A
033B:  MOVWF  3D
033C:  MOVLW  CA
033D:  MOVWF  3C
033E:  CLRF   3B
033F:  MOVLW  0A
0340:  MOVWF  39
0341:  MOVF   36,W
0342:  BTFSC  03.2
0343:  INCF   37,F
0344:  BSF    03.1
0345:  MOVLW  32
0346:  MOVWF  04
0347:  BCF    03.7
0348:  MOVF   35,W
0349:  MOVWF  42
034A:  MOVF   34,W
034B:  MOVWF  41
034C:  MOVF   33,W
034D:  MOVWF  40
034E:  MOVF   32,W
034F:  MOVWF  3F
0350:  MOVF   3E,W
0351:  MOVWF  46
0352:  MOVF   3D,W
0353:  MOVWF  45
0354:  MOVF   3C,W
0355:  MOVWF  44
0356:  MOVF   3B,W
0357:  MOVWF  43
0358:  CALL   28D
0359:  MOVF   78,W
035A:  MOVF   77,F
035B:  BTFSS  03.2
035C:  GOTO   370
035D:  INCF   36,W
035E:  SUBWF  39,W
035F:  BTFSC  03.2
0360:  GOTO   370
0361:  MOVF   37,W
0362:  BTFSC  03.2
0363:  GOTO   372
0364:  ANDLW  0F
0365:  SUBWF  39,W
0366:  BTFSC  03.2
0367:  GOTO   36A
0368:  BTFSC  03.0
0369:  GOTO   3A2
036A:  BTFSC  37.7
036B:  GOTO   3A2
036C:  BTFSC  37.6
036D:  GOTO   372
036E:  MOVLW  20
036F:  GOTO   39E
0370:  MOVLW  20
0371:  ANDWF  37,F
0372:  BTFSS  37.5
0373:  GOTO   380
0374:  BCF    37.5
0375:  MOVF   36,W
0376:  BTFSS  03.2
0377:  DECF   37,F
0378:  MOVF   77,W
0379:  MOVWF  37
037A:  MOVLW  2D
037B:  MOVWF  3F
037C:  CALL   0E2
037D:  MOVF   37,W
037E:  MOVWF  77
037F:  CLRF   37
0380:  MOVF   36,W
0381:  SUBWF  39,W
0382:  BTFSS  03.2
0383:  GOTO   38E
0384:  MOVF   77,W
0385:  MOVWF  37
0386:  MOVLW  2E
0387:  MOVWF  3F
0388:  CALL   0E2
0389:  MOVF   37,W
038A:  MOVWF  77
038B:  MOVLW  20
038C:  ANDWF  37,F
038D:  MOVLW  00
038E:  MOVLW  30
038F:  BTFSS  37.5
0390:  GOTO   39E
0391:  BCF    37.5
0392:  MOVF   36,W
0393:  BTFSS  03.2
0394:  DECF   37,F
0395:  MOVF   77,W
0396:  MOVWF  37
0397:  MOVLW  2D
0398:  MOVWF  3F
0399:  CALL   0E2
039A:  MOVF   37,W
039B:  MOVWF  77
039C:  CLRF   37
039D:  MOVLW  30
039E:  ADDWF  77,F
039F:  MOVF   77,W
03A0:  MOVWF  3F
03A1:  CALL   0E2
03A2:  BCF    03.1
03A3:  MOVF   3E,W
03A4:  MOVWF  42
03A5:  MOVF   3D,W
03A6:  MOVWF  41
03A7:  MOVF   3C,W
03A8:  MOVWF  40
03A9:  MOVF   3B,W
03AA:  MOVWF  3F
03AB:  CLRF   46
03AC:  CLRF   45
03AD:  CLRF   44
03AE:  MOVLW  0A
03AF:  MOVWF  43
03B0:  CALL   28D
03B1:  MOVF   7A,W
03B2:  MOVWF  3E
03B3:  MOVF   79,W
03B4:  MOVWF  3D
03B5:  MOVF   78,W
03B6:  MOVWF  3C
03B7:  MOVF   77,W
03B8:  MOVWF  3B
03B9:  DECFSZ 39,F
03BA:  GOTO   344
03BB:  RETURN
....................  
.................... #list 
....................  
.................... #device ADC = 10 
.................... #use delay(clock=4000000) 
*
002B:  MOVLW  40
002C:  MOVWF  04
002D:  BCF    03.7
002E:  MOVF   00,W
002F:  BTFSC  03.2
0030:  GOTO   03F
0031:  MOVLW  01
0032:  MOVWF  78
0033:  CLRF   77
0034:  DECFSZ 77,F
0035:  GOTO   034
0036:  DECFSZ 78,F
0037:  GOTO   033
0038:  MOVLW  4A
0039:  MOVWF  77
003A:  DECFSZ 77,F
003B:  GOTO   03A
003C:  GOTO   03D
003D:  DECFSZ 00,F
003E:  GOTO   031
003F:  RETURN
.................... #fuses XT, NOWDT, NOPROTECT 
.................... #define use_portb_lcd TRUE 
.................... #include <LCD.c> 
.................... /////////////////////////////////////////////////////////////////////////////// 
.................... ////                             LCD.C                                     //// 
.................... ////                 Driver for common LCD modules                         //// 
.................... ////                                                                       //// 
.................... ////  lcd_init()   Must be called before any other function.               //// 
.................... ////                                                                       //// 
.................... ////  lcd_putc(c)  Will display c on the next position of the LCD.         //// 
.................... ////                 \a  Set cursor position to upper left                 //// 
.................... ////                 \f  Clear display, set cursor to upper left           //// 
.................... ////                 \n  Go to start of second line                        //// 
.................... ////                 \b  Move back one position                            //// 
.................... ////              If LCD_EXTENDED_NEWLINE is defined, the \n character     //// 
.................... ////              will erase all remanining characters on the current      //// 
.................... ////              line, and move the cursor to the beginning of the next   //// 
.................... ////              line.                                                    //// 
.................... ////              If LCD_EXTENDED_NEWLINE is defined, the \r character     //// 
.................... ////              will move the cursor to the start of the current         //// 
.................... ////              line.                                                    //// 
.................... ////                                                                       //// 
.................... ////  lcd_gotoxy(x,y) Set write position on LCD (upper left is 1,1)        //// 
.................... ////                                                                       //// 
.................... ////  lcd_getc(x,y)   Returns character at position x,y on LCD             //// 
.................... ////                                                                       //// 
.................... ////  lcd_cursor_on(int1 on)   Turn the cursor on (on=TRUE) or off         //// 
.................... ////              (on=FALSE).                                              //// 
.................... ////                                                                       //// 
.................... ////  lcd_set_cgram_char(w, *p)   Write a custom character to the CGRAM.   //// 
.................... ////                                                                       //// 
.................... ////                                                                       //// 
.................... ////  CONFIGURATION                                                        //// 
.................... ////  The LCD can be configured in one of two ways: a.) port access or     //// 
.................... ////  b.) pin access.  Port access requires the entire 7 bit interface     //// 
.................... ////  connected to one GPIO port, and the data bits (D4:D7 of the LCD)     //// 
.................... ////  connected to sequential pins on the GPIO.  Pin access                //// 
.................... ////  has no requirements, all 7 bits of the control interface can         //// 
.................... ////  can be connected to any GPIO using several ports.                    //// 
.................... ////                                                                       //// 
.................... ////  To use port access, #define LCD_DATA_PORT to the SFR location of     //// 
.................... ////  of the GPIO port that holds the interface, -AND- edit LCD_PIN_MAP    //// 
.................... ////  of this file to configure the pin order.  If you are using a         //// 
.................... ////  baseline PIC (PCB), then LCD_OUTPUT_MAP and LCD_INPUT_MAP also must  //// 
.................... ////  be defined.                                                          //// 
.................... ////                                                                       //// 
.................... ////  Example of port access:                                              //// 
.................... ////     #define LCD_DATA_PORT getenv("SFR:PORTD")                         //// 
.................... ////                                                                       //// 
.................... ////  To use pin access, the following pins must be defined:               //// 
.................... ////     LCD_ENABLE_PIN                                                    //// 
.................... ////     LCD_RS_PIN                                                        //// 
.................... ////     LCD_RW_PIN                                                        //// 
.................... ////     LCD_DATA4                                                         //// 
.................... ////     LCD_DATA5                                                         //// 
.................... ////     LCD_DATA6                                                         //// 
.................... ////     LCD_DATA7                                                         //// 
.................... ////                                                                       //// 
.................... ////  Example of pin access:                                               //// 
.................... ////     #define LCD_ENABLE_PIN  PIN_E0                                    //// 
.................... ////     #define LCD_RS_PIN      PIN_E1                                    //// 
.................... ////     #define LCD_RW_PIN      PIN_E2                                    //// 
.................... ////     #define LCD_DATA4       PIN_D4                                    //// 
.................... ////     #define LCD_DATA5       PIN_D5                                    //// 
.................... ////     #define LCD_DATA6       PIN_D6                                    //// 
.................... ////     #define LCD_DATA7       PIN_D7                                    //// 
.................... ////                                                                       //// 
.................... /////////////////////////////////////////////////////////////////////////////// 
.................... ////        (C) Copyright 1996,2010 Custom Computer Services           //// 
.................... //// This source code may only be used by licensed users of the CCS C  //// 
.................... //// compiler.  This source code may only be distributed to other      //// 
.................... //// licensed users of the CCS C compiler.  No other use, reproduction //// 
.................... //// or distribution is permitted without written permission.          //// 
.................... //// Derivative programs created using this software in object code    //// 
.................... //// form are not restricted in any way.                               //// 
.................... /////////////////////////////////////////////////////////////////////////// 
....................  
.................... #ifndef __LCD_C__ 
.................... #define __LCD_C__ 
....................  
.................... // define the pinout. 
.................... // only required if port access is being used. 
.................... typedef struct   
.................... {                            // This structure is overlayed 
....................    int1 enable;           // on to an I/O port to gain 
....................    int1 rs;               // access to the LCD pins. 
....................    int1 rw;               // The bits are allocated from 
....................    int1 unused;           // low order up.  ENABLE will 
....................    unsigned int     data : 4;         // be LSB pin of that port. 
....................   #if defined(__PCD__)       // The port used will be LCD_DATA_PORT. 
....................    unsigned int    reserved: 8; 
....................   #endif 
.................... } LCD_PIN_MAP; 
....................  
.................... // this is to improve compatability with previous LCD drivers that accepted 
.................... // a define labeled 'use_portb_lcd' that configured the LCD onto port B. 
.................... #if ((defined(use_portb_lcd)) && (use_portb_lcd==TRUE)) 
....................  #define LCD_DATA_PORT getenv("SFR:PORTB") 
.................... #endif 
....................  
.................... #if defined(__PCB__) 
....................    // these definitions only need to be modified for baseline PICs. 
....................    // all other PICs use LCD_PIN_MAP or individual LCD_xxx pin definitions. 
.................... /*                                    EN, RS,   RW,   UNUSED,  DATA  */ 
....................  const LCD_PIN_MAP LCD_OUTPUT_MAP =  {0,  0,    0,    0,       0}; 
....................  const LCD_PIN_MAP LCD_INPUT_MAP =   {0,  0,    0,    0,       0xF}; 
.................... #endif 
....................  
.................... ////////////////////// END CONFIGURATION /////////////////////////////////// 
....................  
.................... #ifndef LCD_ENABLE_PIN 
....................    #define lcd_output_enable(x) lcdlat.enable=x 
....................    #define lcd_enable_tris()   lcdtris.enable=0 
.................... #else 
....................    #define lcd_output_enable(x) output_bit(LCD_ENABLE_PIN, x) 
....................    #define lcd_enable_tris()  output_drive(LCD_ENABLE_PIN) 
.................... #endif 
....................  
.................... #ifndef LCD_RS_PIN 
....................    #define lcd_output_rs(x) lcdlat.rs=x 
....................    #define lcd_rs_tris()   lcdtris.rs=0 
.................... #else 
....................    #define lcd_output_rs(x) output_bit(LCD_RS_PIN, x) 
....................    #define lcd_rs_tris()  output_drive(LCD_RS_PIN) 
.................... #endif 
....................  
.................... #ifndef LCD_RW_PIN 
....................    #define lcd_output_rw(x) lcdlat.rw=x 
....................    #define lcd_rw_tris()   lcdtris.rw=0 
.................... #else 
....................    #define lcd_output_rw(x) output_bit(LCD_RW_PIN, x) 
....................    #define lcd_rw_tris()  output_drive(LCD_RW_PIN) 
.................... #endif 
....................  
.................... // original version of this library incorrectly labeled LCD_DATA0 as LCD_DATA4, 
.................... // LCD_DATA1 as LCD_DATA5, and so on.  this block of code makes the driver 
.................... // compatible with any code written for the original library 
.................... #if (defined(LCD_DATA0) && defined(LCD_DATA1) && defined(LCD_DATA2) && defined(LCD_DATA3) && !defined(LCD_DATA4) && !defined(LCD_DATA5) && !defined(LCD_DATA6) && !defined(LCD_DATA7)) 
....................    #define  LCD_DATA4    LCD_DATA0 
....................    #define  LCD_DATA5    LCD_DATA1 
....................    #define  LCD_DATA6    LCD_DATA2 
....................    #define  LCD_DATA7    LCD_DATA3 
.................... #endif 
....................  
.................... #ifndef LCD_DATA4 
.................... #ifndef LCD_DATA_PORT 
....................    #if defined(__PCB__) 
....................       #define LCD_DATA_PORT      0x06     //portb 
....................       #define set_tris_lcd(x)   set_tris_b(x) 
....................    #else 
....................      #if defined(PIN_D0) 
....................       #define LCD_DATA_PORT      getenv("SFR:PORTD")     //portd 
....................      #else 
....................       #define LCD_DATA_PORT      getenv("SFR:PORTB")     //portb 
....................      #endif 
....................    #endif    
.................... #endif 
....................  
.................... #if defined(__PCB__) 
....................    LCD_PIN_MAP lcd, lcdlat; 
....................    #byte lcd = LCD_DATA_PORT 
....................    #byte lcdlat = LCD_DATA_PORT 
.................... #elif defined(__PCM__) 
....................    LCD_PIN_MAP lcd, lcdlat, lcdtris; 
....................    #byte lcd = LCD_DATA_PORT 
....................    #byte lcdlat = LCD_DATA_PORT 
....................    #byte lcdtris = LCD_DATA_PORT+0x80 
.................... #elif defined(__PCH__) 
....................    LCD_PIN_MAP lcd, lcdlat, lcdtris; 
....................    #byte lcd = LCD_DATA_PORT 
....................    #byte lcdlat = LCD_DATA_PORT+9 
....................    #byte lcdtris = LCD_DATA_PORT+0x12 
.................... #elif defined(__PCD__) 
....................    LCD_PIN_MAP lcd, lcdlat, lcdtris; 
....................    #word lcd = LCD_DATA_PORT 
....................    #word lcdlat = LCD_DATA_PORT+2 
....................    #word lcdtris = LCD_DATA_PORT-0x02 
.................... #endif 
.................... #endif   //LCD_DATA4 not defined 
....................  
.................... #ifndef LCD_TYPE 
....................    #define LCD_TYPE 2           // 0=5x7, 1=5x10, 2=2 lines 
.................... #endif 
....................  
.................... #ifndef LCD_LINE_TWO 
....................    #define LCD_LINE_TWO 0x40    // LCD RAM address for the second line 
.................... #endif 
....................  
.................... #ifndef LCD_LINE_LENGTH 
....................    #define LCD_LINE_LENGTH 20 
.................... #endif 
....................  
.................... unsigned int8 lcd_read_nibble(void); 
....................  
.................... unsigned int8 lcd_read_byte(void) 
.................... { 
....................    unsigned int8 low,high; 
....................  
....................  #if defined(__PCB__) 
....................    set_tris_lcd(LCD_INPUT_MAP); 
....................  #else 
....................   #if (defined(LCD_DATA4) && defined(LCD_DATA5) && defined(LCD_DATA6) && defined(LCD_DATA7)) 
....................    output_float(LCD_DATA4); 
....................    output_float(LCD_DATA5); 
....................    output_float(LCD_DATA6); 
....................    output_float(LCD_DATA7); 
....................   #else 
....................    lcdtris.data = 0xF; 
*
0058:  MOVLW  0F
0059:  BSF    03.5
005A:  ANDWF  06,W
005B:  IORLW  F0
005C:  MOVWF  06
....................   #endif 
....................  #endif 
....................          
....................    lcd_output_rw(1); 
005D:  BCF    03.5
005E:  BSF    06.2
....................    delay_cycles(1); 
005F:  NOP
....................    lcd_output_enable(1); 
0060:  BSF    06.0
....................    delay_cycles(1); 
0061:  NOP
....................    high = lcd_read_nibble(); 
0062:  CALL   04C
0063:  MOVF   78,W
0064:  MOVWF  47
....................        
....................    lcd_output_enable(0); 
0065:  BCF    06.0
....................    delay_cycles(1); 
0066:  NOP
....................    lcd_output_enable(1); 
0067:  BSF    06.0
....................    delay_us(1); 
0068:  NOP
....................    low = lcd_read_nibble(); 
0069:  CALL   04C
006A:  MOVF   78,W
006B:  MOVWF  46
....................        
....................    lcd_output_enable(0); 
006C:  BCF    06.0
....................  
....................  #if defined(__PCB__) 
....................    set_tris_lcd(LCD_OUTPUT_MAP); 
....................  #else 
....................   #if (defined(LCD_DATA4) && defined(LCD_DATA5) && defined(LCD_DATA6) && defined(LCD_DATA7)) 
....................    output_drive(LCD_DATA4); 
....................    output_drive(LCD_DATA5); 
....................    output_drive(LCD_DATA6); 
....................    output_drive(LCD_DATA7); 
....................   #else 
....................    lcdtris.data = 0x0; 
006D:  MOVLW  0F
006E:  BSF    03.5
006F:  ANDWF  06,W
0070:  MOVWF  06
....................   #endif 
....................  #endif 
....................  
....................    return( (high<<4) | low); 
0071:  BCF    03.5
0072:  SWAPF  47,W
0073:  MOVWF  77
0074:  MOVLW  F0
0075:  ANDWF  77,F
0076:  MOVF   77,W
0077:  IORWF  46,W
0078:  MOVWF  78
.................... } 
....................  
.................... unsigned int8 lcd_read_nibble(void) 
.................... { 
....................   #if (defined(LCD_DATA4) && defined(LCD_DATA5) && defined(LCD_DATA6) && defined(LCD_DATA7)) 
....................    unsigned int8 n = 0x00; 
....................  
....................    /* Read the data port */ 
....................    n |= input(LCD_DATA4); 
....................    n |= input(LCD_DATA5) << 1; 
....................    n |= input(LCD_DATA6) << 2; 
....................    n |= input(LCD_DATA7) << 3; 
....................     
....................    return(n); 
....................   #else 
....................    return(lcd.data); 
*
004C:  MOVF   06,W
004D:  MOVWF  77
004E:  SWAPF  06,W
004F:  ANDLW  0F
0050:  MOVWF  78
....................   #endif 
0051:  RETURN
.................... } 
....................  
.................... void lcd_send_nibble(unsigned int8 n) 
.................... { 
....................   #if (defined(LCD_DATA4) && defined(LCD_DATA5) && defined(LCD_DATA6) && defined(LCD_DATA7)) 
....................    /* Write to the data port */ 
....................    output_bit(LCD_DATA4, bit_test(n, 0)); 
....................    output_bit(LCD_DATA5, bit_test(n, 1)); 
....................    output_bit(LCD_DATA6, bit_test(n, 2)); 
....................    output_bit(LCD_DATA7, bit_test(n, 3)); 
....................   #else       
....................    lcdlat.data = n; 
*
0040:  SWAPF  47,W
0041:  ANDLW  F0
0042:  MOVWF  77
0043:  MOVLW  0F
0044:  ANDWF  06,W
0045:  IORWF  77,W
0046:  MOVWF  06
....................   #endif 
....................        
....................    delay_cycles(1); 
0047:  NOP
....................    lcd_output_enable(1); 
0048:  BSF    06.0
....................    delay_us(2); 
0049:  GOTO   04A
....................    lcd_output_enable(0); 
004A:  BCF    06.0
004B:  RETURN
.................... } 
....................  
.................... void lcd_send_byte(unsigned int8 address, unsigned int8 n) 
.................... { 
....................   #if defined(__PCB__) 
....................    set_tris_lcd(LCD_OUTPUT_MAP); 
....................   #else 
....................    lcd_enable_tris(); 
*
0052:  BSF    03.5
0053:  BCF    06.0
....................    lcd_rs_tris(); 
0054:  BCF    06.1
....................    lcd_rw_tris(); 
0055:  BCF    06.2
....................   #endif 
....................  
....................    lcd_output_rs(0); 
0056:  BCF    03.5
0057:  BCF    06.1
....................    while ( bit_test(lcd_read_byte(),7) ) ; 
*
0079:  MOVF   78,W
007A:  MOVWF  46
007B:  BTFSC  46.7
007C:  GOTO   058
....................    lcd_output_rs(address); 
007D:  BTFSS  44.0
007E:  BCF    06.1
007F:  BTFSC  44.0
0080:  BSF    06.1
....................    delay_cycles(1); 
0081:  NOP
....................    lcd_output_rw(0); 
0082:  BCF    06.2
....................    delay_cycles(1); 
0083:  NOP
....................    lcd_output_enable(0); 
0084:  BCF    06.0
....................    lcd_send_nibble(n >> 4); 
0085:  SWAPF  45,W
0086:  MOVWF  46
0087:  MOVLW  0F
0088:  ANDWF  46,F
0089:  MOVF   46,W
008A:  MOVWF  47
008B:  CALL   040
....................    lcd_send_nibble(n & 0xf); 
008C:  MOVF   45,W
008D:  ANDLW  0F
008E:  MOVWF  46
008F:  MOVWF  47
0090:  CALL   040
0091:  RETURN
.................... } 
....................  
.................... #if defined(LCD_EXTENDED_NEWLINE) 
.................... unsigned int8 g_LcdX, g_LcdY; 
.................... #endif 
....................  
.................... void lcd_init(void)  
.................... { 
....................    unsigned int8 i; 
....................    unsigned int8 LCD_INIT_STRING[4] = {0x20 | (LCD_TYPE << 2), 0xc, 1, 6}; 
0092:  MOVLW  28
0093:  MOVWF  33
0094:  MOVLW  0C
0095:  MOVWF  34
0096:  MOVLW  01
0097:  MOVWF  35
0098:  MOVLW  06
0099:  MOVWF  36
....................                              // These bytes need to be sent to the LCD 
....................                              // to start it up. 
....................     
....................  
....................    lcd_output_enable(0); 
009A:  BCF    06.0
....................    lcd_output_rs(0); 
009B:  BCF    06.1
....................    lcd_output_rw(0); 
009C:  BCF    06.2
....................  
....................  #if defined(__PCB__) 
....................    set_tris_lcd(LCD_OUTPUT_MAP); 
....................  #else 
....................   #if (defined(LCD_DATA4) && defined(LCD_DATA5) && defined(LCD_DATA6) && defined(LCD_DATA7)) 
....................    output_drive(LCD_DATA4); 
....................    output_drive(LCD_DATA5); 
....................    output_drive(LCD_DATA6); 
....................    output_drive(LCD_DATA7); 
....................   #else 
....................    lcdtris.data = 0x0; 
009D:  MOVLW  0F
009E:  BSF    03.5
009F:  ANDWF  06,W
00A0:  MOVWF  06
....................   #endif 
....................    lcd_enable_tris(); 
00A1:  BCF    06.0
....................    lcd_rs_tris(); 
00A2:  BCF    06.1
....................    lcd_rw_tris(); 
00A3:  BCF    06.2
....................  #endif 
....................      
....................    delay_ms(15); 
00A4:  MOVLW  0F
00A5:  BCF    03.5
00A6:  MOVWF  40
00A7:  CALL   02B
....................    for(i=1;i<=3;++i) 
00A8:  MOVLW  01
00A9:  MOVWF  32
00AA:  MOVF   32,W
00AB:  SUBLW  03
00AC:  BTFSS  03.0
00AD:  GOTO   0B6
....................    { 
....................        lcd_send_nibble(3); 
00AE:  MOVLW  03
00AF:  MOVWF  47
00B0:  CALL   040
....................        delay_ms(5); 
00B1:  MOVLW  05
00B2:  MOVWF  40
00B3:  CALL   02B
00B4:  INCF   32,F
00B5:  GOTO   0AA
....................    } 
....................     
....................    lcd_send_nibble(2); 
00B6:  MOVLW  02
00B7:  MOVWF  47
00B8:  CALL   040
....................    delay_ms(5); 
00B9:  MOVLW  05
00BA:  MOVWF  40
00BB:  CALL   02B
....................    for(i=0;i<=3;++i) 
00BC:  CLRF   32
00BD:  MOVF   32,W
00BE:  SUBLW  03
00BF:  BTFSS  03.0
00C0:  GOTO   0CD
....................       lcd_send_byte(0,LCD_INIT_STRING[i]); 
00C1:  MOVLW  33
00C2:  ADDWF  32,W
00C3:  MOVWF  04
00C4:  BCF    03.7
00C5:  MOVF   00,W
00C6:  MOVWF  37
00C7:  CLRF   44
00C8:  MOVF   37,W
00C9:  MOVWF  45
00CA:  CALL   052
....................  
....................   #if defined(LCD_EXTENDED_NEWLINE) 
00CB:  INCF   32,F
00CC:  GOTO   0BD
00CD:  BCF    0A.3
00CE:  BCF    0A.4
00CF:  GOTO   3FC (RETURN)
....................    g_LcdX = 0; 
....................    g_LcdY = 0; 
....................   #endif 
.................... } 
....................  
.................... void lcd_gotoxy(unsigned int8 x, unsigned int8 y) 
.................... { 
....................    unsigned int8 address; 
....................     
....................    if(y!=1) 
00D0:  DECFSZ 41,W
00D1:  GOTO   0D3
00D2:  GOTO   0D6
....................       address=LCD_LINE_TWO; 
00D3:  MOVLW  40
00D4:  MOVWF  42
00D5:  GOTO   0D7
....................    else 
....................       address=0; 
00D6:  CLRF   42
....................       
....................    address+=x-1; 
00D7:  MOVLW  01
00D8:  SUBWF  40,W
00D9:  ADDWF  42,F
....................    lcd_send_byte(0,0x80|address); 
00DA:  MOVF   42,W
00DB:  IORLW  80
00DC:  MOVWF  43
00DD:  CLRF   44
00DE:  MOVF   43,W
00DF:  MOVWF  45
00E0:  CALL   052
....................  
....................   #if defined(LCD_EXTENDED_NEWLINE) 
00E1:  RETURN
....................    g_LcdX = x - 1; 
....................    g_LcdY = y - 1; 
....................   #endif 
.................... } 
....................  
.................... void lcd_putc(char c) 
.................... { 
....................    switch (c) 
00E2:  MOVF   3F,W
00E3:  XORLW  07
00E4:  BTFSC  03.2
00E5:  GOTO   0F0
00E6:  XORLW  0B
00E7:  BTFSC  03.2
00E8:  GOTO   0F5
00E9:  XORLW  06
00EA:  BTFSC  03.2
00EB:  GOTO   0FD
00EC:  XORLW  02
00ED:  BTFSC  03.2
00EE:  GOTO   103
00EF:  GOTO   108
....................    { 
....................       case '\a'   :  lcd_gotoxy(1,1);     break; 
00F0:  MOVLW  01
00F1:  MOVWF  40
00F2:  MOVWF  41
00F3:  CALL   0D0
00F4:  GOTO   10D
....................  
....................       case '\f'   :  lcd_send_byte(0,1); 
00F5:  CLRF   44
00F6:  MOVLW  01
00F7:  MOVWF  45
00F8:  CALL   052
....................                      delay_ms(2); 
00F9:  MOVLW  02
00FA:  MOVWF  40
00FB:  CALL   02B
....................                     #if defined(LCD_EXTENDED_NEWLINE) 
....................                      g_LcdX = 0; 
....................                      g_LcdY = 0; 
....................                     #endif 
....................                      break; 
00FC:  GOTO   10D
....................  
....................      #if defined(LCD_EXTENDED_NEWLINE) 
....................       case '\r'   :  lcd_gotoxy(1, g_LcdY+1);   break; 
....................       case '\n'   : 
....................          while (g_LcdX++ < LCD_LINE_LENGTH) 
....................          { 
....................             lcd_send_byte(1, ' '); 
....................          } 
....................          lcd_gotoxy(1, g_LcdY+2); 
....................          break; 
....................      #else 
....................       case '\n'   : lcd_gotoxy(1,2);        break; 
00FD:  MOVLW  01
00FE:  MOVWF  40
00FF:  MOVLW  02
0100:  MOVWF  41
0101:  CALL   0D0
0102:  GOTO   10D
....................      #endif 
....................       
....................       case '\b'   : lcd_send_byte(0,0x10);  break; 
0103:  CLRF   44
0104:  MOVLW  10
0105:  MOVWF  45
0106:  CALL   052
0107:  GOTO   10D
....................       
....................      #if defined(LCD_EXTENDED_NEWLINE) 
....................       default     :  
....................          if (g_LcdX < LCD_LINE_LENGTH) 
....................          { 
....................             lcd_send_byte(1, c); 
....................             g_LcdX++; 
....................          } 
....................          break; 
....................      #else 
....................       default     : lcd_send_byte(1,c);     break; 
0108:  MOVLW  01
0109:  MOVWF  44
010A:  MOVF   3F,W
010B:  MOVWF  45
010C:  CALL   052
....................      #endif 
....................    } 
010D:  RETURN
.................... } 
....................   
.................... char lcd_getc(unsigned int8 x, unsigned int8 y) 
.................... { 
....................    char value; 
....................  
....................    lcd_gotoxy(x,y); 
....................    while ( bit_test(lcd_read_byte(),7) ); // wait until busy flag is low 
....................    lcd_output_rs(1); 
....................    value = lcd_read_byte(); 
....................    lcd_output_rs(0); 
....................     
....................    return(value); 
.................... } 
....................  
.................... // write a custom character to the ram 
.................... // which is 0-7 and specifies which character array we are modifying. 
.................... // ptr points to an array of 8 bytes, where each byte is the next row of 
.................... //    pixels.  only bits 0-4 are used.  the last row is the cursor row, and 
.................... //    usually you will want to leave this byte 0x00. 
.................... void lcd_set_cgram_char(unsigned int8 which, unsigned int8 *ptr) 
.................... { 
....................    unsigned int i; 
....................  
....................    which <<= 3; 
....................    which &= 0x38; 
....................  
....................    lcd_send_byte(0, 0x40 | which);  //set cgram address 
....................  
....................    for(i=0; i<8; i++) 
....................    { 
....................       lcd_send_byte(1, *ptr++); 
....................    } 
....................    
....................    #if defined(LCD_EXTENDED_NEWLINE) 
....................     lcd_gotoxy(g_LcdX+1, g_LcdY+1);  //set ddram address 
....................    #endif 
.................... } 
....................  
.................... void lcd_cursor_on(int1 on) 
.................... { 
....................    if (on) 
....................    { 
....................       lcd_send_byte(0,0x0F);           //turn LCD cursor ON 
....................    } 
....................    else 
....................    { 
....................       lcd_send_byte(0,0x0C);           //turn LCD cursor OFF 
....................    } 
.................... } 
....................  
.................... #endif 
....................  
....................  
....................  
.................... #use fast_io(A) 
.................... #use fast_io(B) 
.................... #use fast_io(C) 
.................... #use fast_io(D) 
....................  
.................... int1 start_stop = 0; 
.................... int8 cont_motor = 0; 
.................... const byte motor[8] = {0b1000, 0b1100, 0b0100, 0b0110, 0b0010, 0b0011, 0b0001, 0b1001}; 
....................  
.................... void main () { 
*
03BC:  MOVF   03,W
03BD:  ANDLW  1F
03BE:  MOVWF  03
03BF:  BCF    20.0
03C0:  CLRF   21
03C1:  CLRF   23
03C2:  CLRF   22
03C3:  BSF    03.5
03C4:  BSF    03.6
03C5:  MOVF   09,W
03C6:  ANDLW  C0
03C7:  MOVWF  09
03C8:  BCF    03.6
03C9:  BCF    1F.4
03CA:  BCF    1F.5
03CB:  MOVLW  00
03CC:  BSF    03.6
03CD:  MOVWF  08
03CE:  BCF    03.5
03CF:  CLRF   07
03D0:  CLRF   08
03D1:  CLRF   09
03D2:  BCF    03.7
03D3:  BCF    03.6
03D4:  CLRF   27
03D5:  CLRF   26
03D6:  CLRF   25
03D7:  CLRF   24
03D8:  CLRF   29
03D9:  CLRF   28
03DA:  CLRF   2D
03DB:  CLRF   2C
03DC:  CLRF   2B
03DD:  CLRF   2A
03DE:  CLRF   2F
03DF:  CLRF   2E
03E0:  MOVLW  03
03E1:  MOVWF  31
03E2:  MOVLW  46
03E3:  MOVWF  30
....................    //Variables 
....................    //Frecuencia respiratoria (10-70) Respiraciones por minuto 
....................    float frec_res = 0; 
....................    int16 q_frec_res = 0; 
....................    //Presion medida 
....................    float pres_med = 0; 
....................    int16 q_pres_med = 0; 
....................    int16 bits100 = 838;        //El sensor MPX4115 entrega 4.092V a 100kPa 
....................     
....................    //Puertos Motor Paso a Paso 
....................    set_tris_d(0xF0);             //Se usan los puertos de RB0 hasta RB3 
03E4:  MOVLW  F0
03E5:  BSF    03.5
03E6:  MOVWF  08
....................     
....................    //Switches de Start y Stop 
....................    set_tris_c(0xF6);             //Se usan los puertos RC0 y RC3 
03E7:  MOVLW  F6
03E8:  MOVWF  07
....................     
....................    //Configuración ADC 
....................    setup_adc_ports(0x03);        //Se usan los canales AN0 y AN1 
03E9:  BSF    03.6
03EA:  MOVF   09,W
03EB:  ANDLW  C0
03EC:  MOVWF  09
03ED:  BCF    03.6
03EE:  BCF    1F.4
03EF:  BCF    1F.5
03F0:  MOVLW  03
03F1:  BSF    03.6
03F2:  MOVWF  08
....................    setup_adc(ADC_CLOCK_INTERNAL); 
03F3:  BCF    03.5
03F4:  BCF    03.6
03F5:  BSF    1F.6
03F6:  BSF    1F.7
03F7:  BSF    03.5
03F8:  BSF    1F.7
03F9:  BCF    03.5
03FA:  BSF    1F.0
....................     
....................    //Configuración LCD 
....................    lcd_init(); 
03FB:  GOTO   092
....................    delay_ms(300); 
03FC:  MOVLW  02
03FD:  MOVWF  32
03FE:  MOVLW  96
03FF:  MOVWF  40
0400:  CALL   02B
0401:  DECFSZ 32,F
0402:  GOTO   3FE
....................    printf(lcd_putc, "\fBienvenido!!!"); 
0403:  MOVLW  10
0404:  BSF    03.6
0405:  MOVWF  0D
0406:  MOVLW  00
0407:  MOVWF  0F
0408:  BCF    03.6
0409:  GOTO   10E
....................    delay_ms(300); 
040A:  MOVLW  02
040B:  MOVWF  32
040C:  MOVLW  96
040D:  MOVWF  40
040E:  CALL   02B
040F:  DECFSZ 32,F
0410:  GOTO   40C
....................     
....................    while (true) { 
....................       //Lectura de la frecuencia respiratoria 
....................       set_adc_channel(1); 
0411:  MOVLW  04
0412:  MOVWF  78
0413:  MOVF   1F,W
0414:  ANDLW  C3
0415:  IORWF  78,W
0416:  MOVWF  1F
....................       delay_us(20); 
0417:  MOVLW  06
0418:  MOVWF  77
0419:  DECFSZ 77,F
041A:  GOTO   419
041B:  NOP
....................       q_frec_res = read_adc(); 
041C:  BSF    1F.1
041D:  BTFSC  1F.1
041E:  GOTO   41D
041F:  BSF    03.5
0420:  MOVF   1E,W
0421:  BCF    03.5
0422:  MOVWF  28
0423:  MOVF   1E,W
0424:  MOVWF  29
....................       frec_res = 0.06842*q_frec_res; 
0425:  MOVF   29,W
0426:  MOVWF  33
0427:  MOVF   28,W
0428:  MOVWF  32
0429:  CALL   166
042A:  MOVLW  C9
042B:  MOVWF  42
042C:  MOVLW  1F
042D:  MOVWF  41
042E:  MOVLW  0C
042F:  MOVWF  40
0430:  MOVLW  7B
0431:  MOVWF  3F
0432:  MOVF   7A,W
0433:  MOVWF  46
0434:  MOVF   79,W
0435:  MOVWF  45
0436:  MOVF   78,W
0437:  MOVWF  44
0438:  MOVF   77,W
0439:  MOVWF  43
043A:  CALL   183
043B:  MOVF   7A,W
043C:  MOVWF  27
043D:  MOVF   79,W
043E:  MOVWF  26
043F:  MOVF   78,W
0440:  MOVWF  25
0441:  MOVF   77,W
0442:  MOVWF  24
....................        
....................       //Lectura de la presión 
....................       set_adc_channel(0); 
0443:  MOVLW  00
0444:  MOVWF  78
0445:  MOVF   1F,W
0446:  ANDLW  C3
0447:  IORWF  78,W
0448:  MOVWF  1F
....................       delay_us(20); 
0449:  MOVLW  06
044A:  MOVWF  77
044B:  DECFSZ 77,F
044C:  GOTO   44B
044D:  NOP
....................       q_pres_med = read_adc(); 
044E:  BSF    1F.1
044F:  BTFSC  1F.1
0450:  GOTO   44F
0451:  BSF    03.5
0452:  MOVF   1E,W
0453:  BCF    03.5
0454:  MOVWF  2E
0455:  MOVF   1E,W
0456:  MOVWF  2F
....................       pres_med = (100*q_pres_med)/bits100; 
0457:  CLRF   33
0458:  MOVLW  64
0459:  MOVWF  32
045A:  MOVF   2F,W
045B:  MOVWF  35
045C:  MOVF   2E,W
045D:  MOVWF  34
045E:  GOTO   1F8
045F:  MOVF   79,W
0460:  MOVWF  33
0461:  MOVF   78,W
0462:  MOVWF  32
0463:  MOVF   79,W
0464:  MOVWF  35
0465:  MOVF   78,W
0466:  MOVWF  34
0467:  MOVF   31,W
0468:  MOVWF  37
0469:  MOVF   30,W
046A:  MOVWF  36
046B:  GOTO   20F
046C:  MOVF   79,W
046D:  MOVWF  7A
046E:  MOVF   78,W
046F:  MOVWF  32
0470:  MOVF   79,W
0471:  MOVWF  33
0472:  CALL   166
0473:  MOVF   7A,W
0474:  MOVWF  2D
0475:  MOVF   79,W
0476:  MOVWF  2C
0477:  MOVF   78,W
0478:  MOVWF  2B
0479:  MOVF   77,W
047A:  MOVWF  2A
....................        
....................       //Visualización de los datos 
....................       printf(lcd_putc, "\fFr.R = %.1f Res/Min", frec_res); 
047B:  MOVLW  18
047C:  BSF    03.6
047D:  MOVWF  0D
047E:  MOVLW  00
047F:  MOVWF  0F
0480:  BCF    03.0
0481:  MOVLW  08
0482:  BCF    03.6
0483:  MOVWF  32
0484:  CALL   236
0485:  MOVLW  89
0486:  MOVWF  04
0487:  MOVF   27,W
0488:  MOVWF  35
0489:  MOVF   26,W
048A:  MOVWF  34
048B:  MOVF   25,W
048C:  MOVWF  33
048D:  MOVF   24,W
048E:  MOVWF  32
048F:  MOVLW  01
0490:  MOVWF  36
0491:  CALL   2DC
0492:  MOVLW  1E
0493:  BSF    03.6
0494:  MOVWF  0D
0495:  MOVLW  00
0496:  MOVWF  0F
0497:  BCF    03.0
0498:  MOVLW  08
0499:  BCF    03.6
049A:  MOVWF  32
049B:  CALL   236
....................       printf(lcd_putc, "\nPr. = %.1f kPa", pres_med); 
049C:  MOVLW  23
049D:  BSF    03.6
049E:  MOVWF  0D
049F:  MOVLW  00
04A0:  MOVWF  0F
04A1:  BCF    03.0
04A2:  MOVLW  07
04A3:  BCF    03.6
04A4:  MOVWF  32
04A5:  CALL   236
04A6:  MOVLW  89
04A7:  MOVWF  04
04A8:  MOVF   2D,W
04A9:  MOVWF  35
04AA:  MOVF   2C,W
04AB:  MOVWF  34
04AC:  MOVF   2B,W
04AD:  MOVWF  33
04AE:  MOVF   2A,W
04AF:  MOVWF  32
04B0:  MOVLW  01
04B1:  MOVWF  36
04B2:  CALL   2DC
04B3:  MOVLW  28
04B4:  BSF    03.6
04B5:  MOVWF  0D
04B6:  MOVLW  00
04B7:  MOVWF  0F
04B8:  BSF    03.0
04B9:  MOVLW  04
04BA:  BCF    03.6
04BB:  MOVWF  32
04BC:  CALL   236
....................       delay_ms(10); 
04BD:  MOVLW  0A
04BE:  MOVWF  40
04BF:  CALL   02B
....................        
....................       //Verificar si se presiona el pulsador de Start 
....................       if (input(PIN_C0)) { 
04C0:  BTFSS  07.0
04C1:  GOTO   4C7
....................          start_stop = 1; 
04C2:  BSF    20.0
....................          delay_ms(100); 
04C3:  MOVLW  64
04C4:  MOVWF  40
04C5:  CALL   02B
....................       } else if (input(PIN_C3)) { 
04C6:  GOTO   4CD
04C7:  BTFSS  07.3
04C8:  GOTO   4CD
....................          start_stop = 0; 
04C9:  BCF    20.0
....................          delay_ms(100); 
04CA:  MOVLW  64
04CB:  MOVWF  40
04CC:  CALL   02B
....................       } 
....................        
....................       //Movimiento del motor 
....................       if (start_stop) { 
04CD:  BTFSS  20.0
04CE:  GOTO   4DD
....................          cont_motor = 0; 
04CF:  CLRF   21
....................          while (cont_motor < 8) { 
04D0:  MOVF   21,W
04D1:  SUBLW  07
04D2:  BTFSS  03.0
04D3:  GOTO   4DD
....................             output_d(motor[cont_motor]); 
04D4:  MOVF   21,W
04D5:  CALL   004
04D6:  MOVWF  32
04D7:  MOVWF  08
....................             delay_ms(100); 
04D8:  MOVLW  64
04D9:  MOVWF  40
04DA:  CALL   02B
....................             cont_motor++; 
04DB:  INCF   21,F
04DC:  GOTO   4D0
....................          } 
....................       } else {} 
04DD:  GOTO   411
....................    } 
.................... } 
04DE:  SLEEP

Configuration Fuses:
   Word  1: 2FE1   XT NOWDT PUT MCLR NOPROTECT NOCPD BROWNOUT IESO FCMEN NOLVP NODEBUG
   Word  2: 3FFF   BORV40 NOWRT
