
ROM used:   2668/8192 (33%)
            3391/8192 (41%) including unused fragments

            2.0 Average locations per line
            17.7 Average locations per statement

RAM used:   33/368 (9%) at main() level
            51/368 (14%) worst case

Stack used: 5 worst case (5 in main + 0 for interrupts)
Stack size: 8

Lines Stmts  %   Files
----- ----- ---  -----
  106    67  44  Lab_Final.c
  786     0   0  ..\..\..\..\..\Program Files (x86)\PICC\Devices\16f887.h
  456    84  56  ..\..\..\..\..\Program Files (x86)\PICC\Drivers\LCD.c
----- -----
 1348   151 Total

Page ROM  %  RAM    Vol Diff  Functions:
---- --- --- ---    --- ----  ----------
0     21   1    1             @delay_ms1
 Inline         3    596  5.9  lcd_read_byte
0      6   0    0     59  4.2  lcd_read_nibble
0     12   0    1    179  3.3  lcd_send_nibble
0     64   2    3    460  4.7  lcd_send_byte
0     62   2    6    814  7.2  lcd_init
0     18   1    4    208  6.3  lcd_gotoxy
0     44   2    1    354  4.7  lcd_putc
1   1343  50   26   3073  8.6  MAIN
0      8   0    0             @const692
0     88   3    4             @PSTRINGC7_670
0     29   1    2             @ITOF
0    117   4   13             @MULFF
0     23   1    5     43  2.1  @MUL1616
0     39   1    5     44  1.9  @DIV1616
0      8   0    0    259  6.9  @const708
0     87   3    5             @PSTRINGCN7_670
 Inline         5             @FTOSD
0     79   3   13   1071  8.0  @DIV3232
0    224   8   13             @PRINTF_L32D_670FPFPF
0      8   0    0             @const719
0    321  12   16             @ADDFF
0     63   2   10    979 10.0  @FLT
 Inline         0    102  2.8  @cinit1

Program metrics:
    Functions               14
    Statements              151
    Comments                254
    Volume (V)              12438
    Difficulty (D)          75.1
    Effort to implement (E) 934398
    Time to implement (T)   14 hours, 25 minutes
    Est Delivered Bugs (B)  3
    Cyclomatic Complexity   24
    Maintainability (MI)    112

 Segment     Used  Free
-----------  ----  ----
00000-00003     4  0  
00004-007FF  1321  723  
00800-00FFF  1343  705  
01000-017FF     0  2048  
01800-01FFF     0  2048  



